13/Mar/2021:17:11:27 146 [Calc.java] [INFO] Calc [Factorial] 3.0
13/Mar/2021:17:11:27 153 [Calc.java] [INFO] Calc [Result-Factorial] of factorial is: 6.0
13/Mar/2021:17:11:27 154 [Calc.java] [INFO] Calc [Factorial] 5.0
13/Mar/2021:17:11:27 154 [Calc.java] [INFO] Calc [Result-Factorial] of factorial is: 120.0
13/Mar/2021:17:11:27 156 [Calc.java] [INFO] Calc [SqRoot]9.0
13/Mar/2021:17:11:27 157 [Calc.java] [INFO] Calc [Result-SqRoot] : 3.0
13/Mar/2021:17:11:27 157 [Calc.java] [INFO] Calc [SqRoot]16.0
13/Mar/2021:17:11:27 158 [Calc.java] [INFO] Calc [Result-SqRoot] : 4.0
13/Mar/2021:17:11:27 158 [Calc.java] [INFO] Calc [SqRoot]-10.0
13/Mar/2021:17:11:27 159 [Calc.java] [ERROR] Calc Number cannot be negative Case of NaN squareRoot of < 0
13/Mar/2021:17:11:27 160 [Calc.java] [INFO] Calc [Result-SqRoot] : NaN
13/Mar/2021:17:11:27 161 [Calc.java] [INFO] Calc [Natural Log] 17.0
13/Mar/2021:17:11:27 161 [Calc.java] [INFO] Calc [Result-NaturalLog] : 2.833213344056216
13/Mar/2021:17:11:27 162 [Calc.java] [INFO] Calc [Natural Log] 6.0
13/Mar/2021:17:11:27 162 [Calc.java] [INFO] Calc [Result-NaturalLog] : 1.791759469228055
13/Mar/2021:17:11:27 162 [Calc.java] [INFO] Calc [Natural Log] 0.0
13/Mar/2021:17:11:27 163 [Calc.java] [ERROR] Calc Number cannot be negative Case of NaN log of <= 0
13/Mar/2021:17:11:27 163 [Calc.java] [INFO] Calc [Result-NaturalLog] : NaN
13/Mar/2021:17:11:27 164 [Calc.java] [INFO] Calc [SqRoot]10.0
13/Mar/2021:17:11:27 164 [Calc.java] [INFO] Calc [Result-SqRoot] : 3.1622776601683795
13/Mar/2021:17:11:27 165 [Calc.java] [INFO] Calc [SqRoot]16.0
13/Mar/2021:17:11:27 165 [Calc.java] [INFO] Calc [Result-SqRoot] : 4.0
13/Mar/2021:17:11:27 165 [Calc.java] [INFO] Calc [SqRoot]-16.0
13/Mar/2021:17:11:27 166 [Calc.java] [ERROR] Calc Number cannot be negative Case of NaN squareRoot of < 0
13/Mar/2021:17:11:27 166 [Calc.java] [INFO] Calc [Result-SqRoot] : NaN
13/Mar/2021:17:11:27 167 [Calc.java] [INFO] Calc [Natural Log] 14.0
13/Mar/2021:17:11:27 167 [Calc.java] [INFO] Calc [Result-NaturalLog] : 2.6390573296152584
13/Mar/2021:17:11:27 168 [Calc.java] [INFO] Calc [Natural Log] 9.0
13/Mar/2021:17:11:27 168 [Calc.java] [INFO] Calc [Result-NaturalLog] : 2.1972245773362196
13/Mar/2021:17:11:27 169 [Calc.java] [INFO] Calc [Natural Log] 0.0
13/Mar/2021:17:11:27 169 [Calc.java] [ERROR] Calc Number cannot be negative Case of NaN log of <= 0
13/Mar/2021:17:11:27 170 [Calc.java] [INFO] Calc [Result-NaturalLog] : NaN
13/Mar/2021:17:11:27 170 [Calc.java] [INFO] Calc [Factorial] 3.0
13/Mar/2021:17:11:27 171 [Calc.java] [INFO] Calc [Result-Factorial] of factorial is: 6.0
13/Mar/2021:17:11:27 171 [Calc.java] [INFO] Calc [Factorial] 5.0
13/Mar/2021:17:11:27 172 [Calc.java] [INFO] Calc [Result-Factorial] of factorial is: 120.0
13/Mar/2021:17:11:27 173 [Calc.java] [INFO] Calc [Power]2.0 and 3.0
13/Mar/2021:17:11:27 181 [Calc.java] [INFO] Calc [Result-Power] : 8.0
13/Mar/2021:17:11:27 182 [Calc.java] [INFO] Calc [Power]3.0 and 3.0
13/Mar/2021:17:11:27 182 [Calc.java] [INFO] Calc [Result-Power] : 27.0
13/Mar/2021:17:11:27 183 [Calc.java] [INFO] Calc [Power]2.0 and 2.0
13/Mar/2021:17:11:27 183 [Calc.java] [INFO] Calc [Result-Power] : 4.0
13/Mar/2021:17:11:27 184 [Calc.java] [INFO] Calc [Power]3.0 and 3.0
13/Mar/2021:17:11:27 184 [Calc.java] [INFO] Calc [Result-Power] : 27.0
16/Mar/2021:23:18:34 066 [Calc.java] [INFO] Calc [Factorial] 3.0
16/Mar/2021:23:18:34 070 [Calc.java] [INFO] Calc [Result-Factorial] of factorial is: 6.0
16/Mar/2021:23:18:34 070 [Calc.java] [INFO] Calc [Factorial] 5.0
16/Mar/2021:23:18:34 071 [Calc.java] [INFO] Calc [Result-Factorial] of factorial is: 120.0
16/Mar/2021:23:18:34 072 [Calc.java] [INFO] Calc [SqRoot]9.0
16/Mar/2021:23:18:34 072 [Calc.java] [INFO] Calc [Result-SqRoot] : 3.0
16/Mar/2021:23:18:34 073 [Calc.java] [INFO] Calc [SqRoot]16.0
16/Mar/2021:23:18:34 073 [Calc.java] [INFO] Calc [Result-SqRoot] : 4.0
16/Mar/2021:23:18:34 073 [Calc.java] [INFO] Calc [SqRoot]-10.0
16/Mar/2021:23:18:34 074 [Calc.java] [ERROR] Calc Number cannot be negative Case of NaN squareRoot of < 0
16/Mar/2021:23:18:34 074 [Calc.java] [INFO] Calc [Result-SqRoot] : NaN
16/Mar/2021:23:18:34 075 [Calc.java] [INFO] Calc [Natural Log] 17.0
16/Mar/2021:23:18:34 075 [Calc.java] [INFO] Calc [Result-NaturalLog] : 2.833213344056216
16/Mar/2021:23:18:34 076 [Calc.java] [INFO] Calc [Natural Log] 6.0
16/Mar/2021:23:18:34 076 [Calc.java] [INFO] Calc [Result-NaturalLog] : 1.791759469228055
16/Mar/2021:23:18:34 077 [Calc.java] [INFO] Calc [Natural Log] 0.0
16/Mar/2021:23:18:34 077 [Calc.java] [ERROR] Calc Number cannot be negative Case of NaN log of <= 0
16/Mar/2021:23:18:34 077 [Calc.java] [INFO] Calc [Result-NaturalLog] : NaN
16/Mar/2021:23:18:34 078 [Calc.java] [INFO] Calc [SqRoot]10.0
16/Mar/2021:23:18:34 079 [Calc.java] [INFO] Calc [Result-SqRoot] : 3.1622776601683795
16/Mar/2021:23:18:34 079 [Calc.java] [INFO] Calc [SqRoot]16.0
16/Mar/2021:23:18:34 079 [Calc.java] [INFO] Calc [Result-SqRoot] : 4.0
16/Mar/2021:23:18:34 080 [Calc.java] [INFO] Calc [SqRoot]-16.0
16/Mar/2021:23:18:34 080 [Calc.java] [ERROR] Calc Number cannot be negative Case of NaN squareRoot of < 0
16/Mar/2021:23:18:34 080 [Calc.java] [INFO] Calc [Result-SqRoot] : NaN
16/Mar/2021:23:18:34 081 [Calc.java] [INFO] Calc [Natural Log] 14.0
16/Mar/2021:23:18:34 082 [Calc.java] [INFO] Calc [Result-NaturalLog] : 2.6390573296152584
16/Mar/2021:23:18:34 083 [Calc.java] [INFO] Calc [Natural Log] 9.0
16/Mar/2021:23:18:34 083 [Calc.java] [INFO] Calc [Result-NaturalLog] : 2.1972245773362196
16/Mar/2021:23:18:34 083 [Calc.java] [INFO] Calc [Natural Log] 0.0
16/Mar/2021:23:18:34 083 [Calc.java] [ERROR] Calc Number cannot be negative Case of NaN log of <= 0
16/Mar/2021:23:18:34 084 [Calc.java] [INFO] Calc [Result-NaturalLog] : NaN
16/Mar/2021:23:18:34 084 [Calc.java] [INFO] Calc [Factorial] 3.0
16/Mar/2021:23:18:34 084 [Calc.java] [INFO] Calc [Result-Factorial] of factorial is: 6.0
16/Mar/2021:23:18:34 085 [Calc.java] [INFO] Calc [Factorial] 5.0
16/Mar/2021:23:18:34 085 [Calc.java] [INFO] Calc [Result-Factorial] of factorial is: 120.0
16/Mar/2021:23:18:34 085 [Calc.java] [INFO] Calc [Power]2.0 and 3.0
16/Mar/2021:23:18:34 086 [Calc.java] [INFO] Calc [Result-Power] : 8.0
16/Mar/2021:23:18:34 086 [Calc.java] [INFO] Calc [Power]3.0 and 3.0
16/Mar/2021:23:18:34 086 [Calc.java] [INFO] Calc [Result-Power] : 27.0
16/Mar/2021:23:18:34 087 [Calc.java] [INFO] Calc [Power]2.0 and 2.0
16/Mar/2021:23:18:34 087 [Calc.java] [INFO] Calc [Result-Power] : 4.0
16/Mar/2021:23:18:34 087 [Calc.java] [INFO] Calc [Power]3.0 and 3.0
16/Mar/2021:23:18:34 087 [Calc.java] [INFO] Calc [Result-Power] : 27.0
